<?xml version="1.0" encoding="UTF-8"?>
<!-- Generated by org.testng.reporters.JUnitXMLReporter -->
<testsuite hostname="Zaiweis-MacBook-Air.local" ignored="0" name="Command line test" tests="4" failures="2" timestamp="26 Sep 2020 09:54:06 GMT" time="18.931" errors="0">
  <testcase name="runScenario" time="10.064" classname="cucumber.api.testng.AbstractTestNGCucumberTests"/>
  <testcase name="runScenario" time="7.798" classname="cucumber.api.testng.AbstractTestNGCucumberTests"/>
  <testcase name="test_calculate_total_delivery_price_with_express_api" time="0.0" classname="run.test.api.TestAuspostApi">
    <failure type="org.testng.TestNGException" message="
Parameter &amp;apos;url_api&amp;apos; is required by @Test on method test_calculate_total_delivery_price_with_express_api but has not been marked @Optional or defined
">
      <![CDATA[org.testng.TestNGException: 
Parameter 'url_api' is required by @Test on method test_calculate_total_delivery_price_with_express_api but has not been marked @Optional or defined

... Removed 33 stack frames]]>
    </failure>
  </testcase> <!-- test_calculate_total_delivery_price_with_express_api -->
  <testcase name="test_calculate_total_delivery_price_with_regual_api" time="0.0" classname="run.test.api.TestAuspostApi">
    <failure type="org.testng.TestNGException" message="
Parameter &amp;apos;url_api&amp;apos; is required by @Test on method test_calculate_total_delivery_price_with_regual_api but has not been marked @Optional or defined
">
      <![CDATA[org.testng.TestNGException: 
Parameter 'url_api' is required by @Test on method test_calculate_total_delivery_price_with_regual_api but has not been marked @Optional or defined

... Removed 33 stack frames]]>
    </failure>
  </testcase> <!-- test_calculate_total_delivery_price_with_regual_api -->
</testsuite> <!-- Command line test -->
