<?xml version="1.0" encoding="UTF-8"?>
<!-- Generated by org.testng.reporters.JUnitReportReporter -->
<testsuite name="run.test.api.TestAuspostApi" tests="2" time="0.000" ignored="0" failures="0" timestamp="11 Jul 2021 10:23:05 GMT" skipped="0" hostname="Zaiweis-MacBook-Air.local" errors="2">
  <testcase name="test_calculate_total_delivery_price_with_express_api" time="0.000" classname="run.test.api.TestAuspostApi">
    <error type="org.testng.TestNGException" message="
Parameter &#039;url_api&#039; is required by @Test on method test_calculate_total_delivery_price_with_express_api but has not been marked @Optional or defined
in /private/var/folders/z1/0q4nz74s4j7_0wfksn6fswvc0000gn/T/testng-eclipse-1007789539/testng-customsuite.xml">
      <![CDATA[org.testng.TestNGException: 
Parameter 'url_api' is required by @Test on method test_calculate_total_delivery_price_with_express_api but has not been marked @Optional or defined
in /private/var/folders/z1/0q4nz74s4j7_0wfksn6fswvc0000gn/T/testng-eclipse-1007789539/testng-customsuite.xml
	at org.testng.internal.Parameters.createParameters(Parameters.java:199)
	at org.testng.internal.Parameters.createParameters(Parameters.java:443)
	at org.testng.internal.Parameters.handleParameters(Parameters.java:568)
	at org.testng.internal.Invoker.handleParameters(Invoker.java:1293)
	at org.testng.internal.Invoker.createParameters(Invoker.java:1020)
	at org.testng.internal.Invoker.invokeTestMethods(Invoker.java:1110)
	at org.testng.internal.TestMethodWorker.invokeTestMethods(TestMethodWorker.java:129)
	at org.testng.internal.TestMethodWorker.run(TestMethodWorker.java:112)
	at org.testng.TestRunner.privateRun(TestRunner.java:756)
	at org.testng.TestRunner.run(TestRunner.java:610)
	at org.testng.SuiteRunner.runTest(SuiteRunner.java:387)
	at org.testng.SuiteRunner.runSequentially(SuiteRunner.java:382)
	at org.testng.SuiteRunner.privateRun(SuiteRunner.java:340)
	at org.testng.SuiteRunner.run(SuiteRunner.java:289)
	at org.testng.SuiteRunnerWorker.runSuite(SuiteRunnerWorker.java:52)
	at org.testng.SuiteRunnerWorker.run(SuiteRunnerWorker.java:86)
	at org.testng.TestNG.runSuitesSequentially(TestNG.java:1293)
	at org.testng.TestNG.runSuitesLocally(TestNG.java:1218)
	at org.testng.TestNG.runSuites(TestNG.java:1133)
	at org.testng.TestNG.run(TestNG.java:1104)
	at org.testng.remote.AbstractRemoteTestNG.run(AbstractRemoteTestNG.java:115)
	at org.testng.remote.RemoteTestNG.initAndRun(RemoteTestNG.java:251)
	at org.testng.remote.RemoteTestNG.main(RemoteTestNG.java:77)
]]>
    </error>
  </testcase> <!-- test_calculate_total_delivery_price_with_express_api -->
  <testcase name="test_calculate_total_delivery_price_with_regual_api" time="0.000" classname="run.test.api.TestAuspostApi">
    <error type="org.testng.TestNGException" message="
Parameter &#039;url_api&#039; is required by @Test on method test_calculate_total_delivery_price_with_regual_api but has not been marked @Optional or defined
in /private/var/folders/z1/0q4nz74s4j7_0wfksn6fswvc0000gn/T/testng-eclipse-1007789539/testng-customsuite.xml">
      <![CDATA[org.testng.TestNGException: 
Parameter 'url_api' is required by @Test on method test_calculate_total_delivery_price_with_regual_api but has not been marked @Optional or defined
in /private/var/folders/z1/0q4nz74s4j7_0wfksn6fswvc0000gn/T/testng-eclipse-1007789539/testng-customsuite.xml
	at org.testng.internal.Parameters.createParameters(Parameters.java:199)
	at org.testng.internal.Parameters.createParameters(Parameters.java:443)
	at org.testng.internal.Parameters.handleParameters(Parameters.java:568)
	at org.testng.internal.Invoker.handleParameters(Invoker.java:1293)
	at org.testng.internal.Invoker.createParameters(Invoker.java:1020)
	at org.testng.internal.Invoker.invokeTestMethods(Invoker.java:1110)
	at org.testng.internal.TestMethodWorker.invokeTestMethods(TestMethodWorker.java:129)
	at org.testng.internal.TestMethodWorker.run(TestMethodWorker.java:112)
	at org.testng.TestRunner.privateRun(TestRunner.java:756)
	at org.testng.TestRunner.run(TestRunner.java:610)
	at org.testng.SuiteRunner.runTest(SuiteRunner.java:387)
	at org.testng.SuiteRunner.runSequentially(SuiteRunner.java:382)
	at org.testng.SuiteRunner.privateRun(SuiteRunner.java:340)
	at org.testng.SuiteRunner.run(SuiteRunner.java:289)
	at org.testng.SuiteRunnerWorker.runSuite(SuiteRunnerWorker.java:52)
	at org.testng.SuiteRunnerWorker.run(SuiteRunnerWorker.java:86)
	at org.testng.TestNG.runSuitesSequentially(TestNG.java:1293)
	at org.testng.TestNG.runSuitesLocally(TestNG.java:1218)
	at org.testng.TestNG.runSuites(TestNG.java:1133)
	at org.testng.TestNG.run(TestNG.java:1104)
	at org.testng.remote.AbstractRemoteTestNG.run(AbstractRemoteTestNG.java:115)
	at org.testng.remote.RemoteTestNG.initAndRun(RemoteTestNG.java:251)
	at org.testng.remote.RemoteTestNG.main(RemoteTestNG.java:77)
]]>
    </error>
  </testcase> <!-- test_calculate_total_delivery_price_with_regual_api -->
</testsuite> <!-- run.test.api.TestAuspostApi -->
